-------------------------------------------------------------------------------
Test set: CalculatorServiceTest
-------------------------------------------------------------------------------
Tests run: 21, Failures: 1, Errors: 0, Skipped: 0, Time elapsed: 0.127 s <<< FAILURE! - in CalculatorServiceTest
exceptionAfterDivisionByZero  Time elapsed: 0.013 s  <<< FAILURE!
org.opentest4j.AssertionFailedError: Expected java.lang.ArithmeticException to be thrown, but nothing was thrown.
	at CalculatorServiceTest.exceptionAfterDivisionByZero(CalculatorServiceTest.java:194)

