<?xml version="1.0" encoding="UTF-8"?>
<testsuite xmlns:xsi="http://www.w3.org/2001/XMLSchema-instance" xsi:noNamespaceSchemaLocation="https://maven.apache.org/surefire/maven-surefire-plugin/xsd/surefire-test-report.xsd" name="sample.core.test.java.CalculatorServiceTest" time="0.036" tests="2" errors="0" skipped="0" failures="1">
  <properties>
[...]
</properties>
  <testcase name="correctValueAfterSingleOperation" classname="sample.core.test.java.CalculatorServiceTest" time="0.019"/>
  <testcase name="correctValueAfterMultiplyNumbers" classname="sample.core.test.java.CalculatorServiceTest" time="0.012">
    <failure message="expected: &lt;8305&gt; but was: &lt;8306&gt;" type="org.opentest4j.AssertionFailedError"><![CDATA[org.opentest4j.AssertionFailedError: expected: <8305> but was: <8306>
	at sample.core.test.java.CalculatorServiceTest.correctValueAfterMultiplyNumbers(CalculatorServiceTest.java:28)
]]></failure>
  </testcase>
</testsuite>