<?xml version="1.0" encoding="UTF-8"?>
<testsuite xmlns:xsi="http://www.w3.org/2001/XMLSchema-instance" xsi:noNamespaceSchemaLocation="https://maven.apache.org/surefire/maven-surefire-plugin/xsd/surefire-test-report.xsd" name="CalculatorServiceTest" time="0.127" tests="21" errors="0" skipped="0" failures="1">
  <properties>
[...]
</properties>
  <testcase name="correctValueAfterSingleOperation" classname="CalculatorServiceTest" time="0.063"/>
  <testcase name="noInputZeroOutput" classname="CalculatorServiceTest" time="0"/>
  <testcase name="calculateMethodWorksWithEmptyFields" classname="CalculatorServiceTest" time="0.001"/>
  <testcase name="deleteMethodWorksCorrectAfterCalculateMethod" classname="CalculatorServiceTest" time="0.009"/>
  <testcase name="notIntegerResultAfterDivide" classname="CalculatorServiceTest" time="0.001"/>
  <testcase name="correctResultWithoutLeftSide" classname="CalculatorServiceTest" time="0.001"/>
  <testcase name="correctValueAfterMultipleZeroNumbers" classname="CalculatorServiceTest" time="0.001"/>
  <testcase name="correctResultAfterMultiplyOperation" classname="CalculatorServiceTest" time="0.001"/>
  <testcase name="correctValueAfterMultipleNumbers" classname="CalculatorServiceTest" time="0"/>
  <testcase name="correctResultAfterPlusOperation" classname="CalculatorServiceTest" time="0"/>
  <testcase name="exceptionAfterDivisionByZero" classname="CalculatorServiceTest" time="0.013">
    <failure message="Expected java.lang.ArithmeticException to be thrown, but nothing was thrown." type="org.opentest4j.AssertionFailedError">org.opentest4j.AssertionFailedError: Expected java.lang.ArithmeticException to be thrown, but nothing was thrown.
	at CalculatorServiceTest.exceptionAfterDivisionByZero(CalculatorServiceTest.java:194)
</failure>
  </testcase>
  <testcase name="correctResultAfterDivideOperation" classname="CalculatorServiceTest" time="0"/>
  <testcase name="correctResultAfterMultiplyingByZero" classname="CalculatorServiceTest" time="0"/>
  <testcase name="firstOperationShouldBeAddedToZero" classname="CalculatorServiceTest" time="0.013"/>
  <testcase name="ignoreMultipleZerosInSecondValue" classname="CalculatorServiceTest" time="0.001"/>
  <testcase name="shouldIgnoreZerosOnly" classname="CalculatorServiceTest" time="0.001"/>
  <testcase name="correctResultAfterFewNumbers" classname="CalculatorServiceTest" time="0.001"/>
  <testcase name="correctValueAfterFewOperations" classname="CalculatorServiceTest" time="0.001"/>
  <testcase name="showOneOperator" classname="CalculatorServiceTest" time="0.001"/>
  <testcase name="deleteMethodWorksCorrectAfterInputMethod" classname="CalculatorServiceTest" time="0.001"/>
  <testcase name="correctValueAfterMultipleZerosAndAfterOperator" classname="CalculatorServiceTest" time="0"/>
</testsuite>